2025-12-21T22:09:44.3627634 ADD-FOUND | ID=10525378-a7a4-4504-b7a9-fd62c2ccf518 Name=Vivo V40 Lite 5G Cat=Electronics Loc=Library 3rd Floor Val=15000.00 Per=false Status=ACTIVE
2025-12-21T22:11:53.7850718 REMOVE | ID=10525378-a7a4-4504-b7a9-fd62c2ccf518 Name=Vivo V40 Lite 5G Cat=Electronics Loc=Library 3rd Floor Val=15000.00 Per=false Status=REMOVED
2025-12-21T22:19:16.4762577 SYSTEM | Starting LostAndFoundSystem
2025-12-21T22:19:26.707015 SYSTEM | Exiting LostAndFoundSystem
2025-12-21T22:20:47.1569041 ADD-FOUND | ID=91590c8f-b6c2-4259-bc08-092c97d1cd3d Name=Black Wallet Cat=Wallet Loc=SEL07 Val=300.00 Per=false Status=ACTIVE
2025-12-21T22:22:56.000093 ADD-FOUND | ID=e3f88399-76ac-4bb1-aa82-76b01c72605e Name=Vivo V40 Lite 5G Cat=Electronics Loc=SEL12 Val=15000.00 Per=false Status=ACTIVE
2025-12-21T22:23:46.2077831 REMOVE | ID=e3f88399-76ac-4bb1-aa82-76b01c72605e Name=Vivo V40 Lite 5G Cat=Electronics Loc=SEL12 Val=15000.00 Per=false Status=REMOVED
2025-12-21T22:25:18.4635975 ADD-FOUND | ID=c96c6a41-2c49-4c1d-9870-0b21d1382554 Name=Vivo V40 Lite 5G Cat=Electronics Loc=SEL09 Val=15000.00 Per=false Status=ACTIVE
2025-12-21T22:26:36.7329591 REMOVE | ID=c96c6a41-2c49-4c1d-9870-0b21d1382554 Name=Vivo V40 Lite 5G Cat=Electronics Loc=SEL09 Val=15000.00 Per=false Status=REMOVED
2025-12-21T22:34:23.657299 ADD-FOUND | ID=aee92e8f-9329-4b2d-bb7a-3b15898fb635 Name=Vivo V40 Lite 5G Cat=Electronics Loc=SEL06 Val=15000.00 Per=false Status=ACTIVE
2025-12-21T22:36:24.1913771 ADD-FOUND | ID=a272ac59-640e-439b-a861-e34a17f98b14 Name=Vivo V40 Lite 5G Cat=Electronics Loc=SEL02 Val=15000.00 Per=false Status=ACTIVE
2025-12-21T22:43:24.697162 ADD-FOUND | ID=8aea83eb-6a35-4095-857a-002b96f68929 Name=Vivo V40 Lite 5G Cat=Electronics Loc=SEL02 Val=15000.00 Per=false Status=ACTIVE
2025-12-21T22:45:13.9802614 ADD-FOUND | ID=e3104ba6-13dd-4183-a870-8f1d1d9f7c6a Name=Vivo V40 Lite 5G Cat=Electronics Loc=SEL02 Val=15000.00 Per=false Status=ACTIVE
2025-12-21T22:51:49.9121029 ADD-FOUND | ID=4ed9b7c4-edff-4094-90ef-b79266ee32de Name=Vivo V40 Lite 5G Cat=Electronics Loc=SEL10 Val=15000.00 Per=false Status=ACTIVE
2025-12-21T22:52:32.8426365 ADD-FOUND | ID=2a3b97bd-8bf5-4ac4-befc-56d9487381e0 Name=Vivo V40 Lite 5G Cat=Electronics Loc=SEL06 Val=15000.00 Per=false Status=ACTIVE
2025-12-21T23:01:11.8573562 REMOVE | ID=2a3b97bd-8bf5-4ac4-befc-56d9487381e0 Name=Vivo V40 Lite 5G Cat=Electronics Loc=SEL06 Val=15000.00 Per=false Status=REMOVED
2025-12-21T23:10:28.9694242 ADD-FOUND | ID=f206580c-a450-4326-9d5c-a62a0831ca86 Name=Vivo V40 Lite 5G Cat=Electronics Loc=SEL05 Val=15000.00 Per=false Status=ACTIVE
2025-12-22T15:36:01.2108601 ADD-FOUND | ID=84b11e4d-d5b0-4403-98dc-4d8f7801409f Name=Vivo V40 Lite 5G Cat=Electronics Loc=SEL07 Val=15000.00 Per=false Status=ACTIVE
2025-12-22T15:36:50.3276719 REMOVE | ID=f206580c-a450-4326-9d5c-a62a0831ca86 Name=Vivo V40 Lite 5G Cat=Electronics Loc=SEL05 Val=15000.00 Per=false Status=REMOVED
2025-12-22T15:36:50.3296679 REMOVE | ID=84b11e4d-d5b0-4403-98dc-4d8f7801409f Name=Vivo V40 Lite 5G Cat=Electronics Loc=SEL07 Val=15000.00 Per=false Status=REMOVED
2025-12-22T15:37:43.4110754 ADD-FOUND | ID=5a0c2086-2751-48cb-8cad-58ccb3b30fa5 Name=Black wallet Cat=Wallet Loc=SA101 Val=800.00 Per=false Status=ACTIVE
2025-12-22T15:39:14.6538351 ADD-FOUND | ID=6ed85bda-57a4-4ae3-84da-7bde26318a70 Name=Vivo V40 Lite 5G Cat=Electronics Loc=SJ204 Val=15000.00 Per=false Status=ACTIVE
2025-12-22T15:40:02.2023358 REMOVE | ID=6ed85bda-57a4-4ae3-84da-7bde26318a70 Name=Vivo V40 Lite 5G Cat=Electronics Loc=SJ204 Val=15000.00 Per=false Status=REMOVED
2025-12-22T15:40:56.3333646 ADD-FOUND | ID=98d97ee7-c7d0-4242-a663-ed430f5a9043 Name=Vivo V40 Lite 5G Cat=Electronics Loc=SJ204 Val=15000.00 Per=false Status=ACTIVE
2025-12-22T15:41:30.1937444 REMOVE | ID=98d97ee7-c7d0-4242-a663-ed430f5a9043 Name=Vivo V40 Lite 5G Cat=Electronics Loc=SJ204 Val=15000.00 Per=false Status=REMOVED
